<?xml version="1.0" encoding="UTF-8"?>
<testng-results skipped="0" failed="1" ignored="0" total="5" passed="4">
  <reporter-output>
  </reporter-output>
  <suite name="Suite" duration-ms="46018" started-at="2019-01-08T18:40:22Z" finished-at="2019-01-08T18:41:08Z">
    <groups>
    </groups>
    <test name="Test" duration-ms="46018" started-at="2019-01-08T18:40:22Z" finished-at="2019-01-08T18:41:08Z">
      <class name="NewMaven.qaClickAcademy">
        <test-method status="PASS" signature="basePageNavigation()[pri:0, instance:NewMaven.qaClickAcademy@5a63f509]" name="basePageNavigation" duration-ms="18160" started-at="2019-01-08T18:40:22Z" finished-at="2019-01-08T18:40:40Z">
          <reporter-output>
          </reporter-output>
        </test-method> <!-- basePageNavigation -->
        <test-method status="PASS" signature="clickLogin(java.lang.String, java.lang.String)[pri:0, instance:NewMaven.qaClickAcademy@5a63f509]" name="clickLogin" duration-ms="9355" started-at="2019-01-08T18:40:40Z" data-provider="getData" finished-at="2019-01-08T18:40:49Z">
          <params>
            <param index="0">
              <value>
                <![CDATA[Hello00]]>
              </value>
            </param>
            <param index="1">
              <value>
                <![CDATA[Hello01]]>
              </value>
            </param>
          </params>
          <reporter-output>
          </reporter-output>
        </test-method> <!-- clickLogin -->
        <test-method status="PASS" signature="clickLogin(java.lang.String, java.lang.String)[pri:0, instance:NewMaven.qaClickAcademy@5a63f509]" name="clickLogin" duration-ms="7152" started-at="2019-01-08T18:40:49Z" data-provider="getData" finished-at="2019-01-08T18:40:56Z">
          <params>
            <param index="0">
              <value>
                <![CDATA[Hello10]]>
              </value>
            </param>
            <param index="1">
              <value>
                <![CDATA[Hello11]]>
              </value>
            </param>
          </params>
          <reporter-output>
          </reporter-output>
        </test-method> <!-- clickLogin -->
        <test-method status="PASS" signature="clickLogin(java.lang.String, java.lang.String)[pri:0, instance:NewMaven.qaClickAcademy@5a63f509]" name="clickLogin" duration-ms="7717" started-at="2019-01-08T18:40:56Z" data-provider="getData" finished-at="2019-01-08T18:41:04Z">
          <params>
            <param index="0">
              <value>
                <![CDATA[Hello20]]>
              </value>
            </param>
            <param index="1">
              <value>
                <![CDATA[Hello21]]>
              </value>
            </param>
          </params>
          <reporter-output>
          </reporter-output>
        </test-method> <!-- clickLogin -->
        <test-method status="FAIL" signature="validateText()[pri:0, instance:NewMaven.qaClickAcademy@5a63f509]" name="validateText" duration-ms="241" started-at="2019-01-08T18:41:04Z" finished-at="2019-01-08T18:41:04Z">
          <exception class="java.lang.AssertionError">
            <message>
              <![CDATA[expected [AN ACADEMY TO LEARN EVERYTHING ABOUT TESING] but found [AN ACADEMY TO LEARN EVERYTHING ABOUT TESTING]]]>
            </message>
            <full-stacktrace>
              <![CDATA[java.lang.AssertionError: expected [AN ACADEMY TO LEARN EVERYTHING ABOUT TESING] but found [AN ACADEMY TO LEARN EVERYTHING ABOUT TESTING]
at org.testng.Assert.fail(Assert.java:96)
at org.testng.Assert.failNotEquals(Assert.java:776)
at org.testng.Assert.assertEqualsImpl(Assert.java:137)
at org.testng.Assert.assertEquals(Assert.java:118)
at org.testng.Assert.assertEquals(Assert.java:453)
at org.testng.Assert.assertEquals(Assert.java:463)
at NewMaven.qaClickAcademy.validateText(qaClickAcademy.java:44)
at sun.reflect.NativeMethodAccessorImpl.invoke0(Native Method)
at sun.reflect.NativeMethodAccessorImpl.invoke(NativeMethodAccessorImpl.java:62)
at sun.reflect.DelegatingMethodAccessorImpl.invoke(DelegatingMethodAccessorImpl.java:43)
at java.lang.reflect.Method.invoke(Method.java:498)
at org.testng.internal.MethodInvocationHelper.invokeMethod(MethodInvocationHelper.java:124)
at org.testng.internal.Invoker.invokeMethod(Invoker.java:583)
at org.testng.internal.Invoker.invokeTestMethod(Invoker.java:719)
at org.testng.internal.Invoker.invokeTestMethods(Invoker.java:989)
at org.testng.internal.TestMethodWorker.invokeTestMethods(TestMethodWorker.java:125)
at org.testng.internal.TestMethodWorker.run(TestMethodWorker.java:109)
at org.testng.TestRunner.privateRun(TestRunner.java:648)
at org.testng.TestRunner.run(TestRunner.java:505)
at org.testng.SuiteRunner.runTest(SuiteRunner.java:455)
at org.testng.SuiteRunner.runSequentially(SuiteRunner.java:450)
at org.testng.SuiteRunner.privateRun(SuiteRunner.java:415)
at org.testng.SuiteRunner.run(SuiteRunner.java:364)
at org.testng.SuiteRunnerWorker.runSuite(SuiteRunnerWorker.java:52)
at org.testng.SuiteRunnerWorker.run(SuiteRunnerWorker.java:84)
at org.testng.TestNG.runSuitesSequentially(TestNG.java:1208)
at org.testng.TestNG.runSuitesLocally(TestNG.java:1137)
at org.testng.TestNG.runSuites(TestNG.java:1049)
at org.testng.TestNG.run(TestNG.java:1017)
at org.apache.maven.surefire.testng.TestNGExecutor.run(TestNGExecutor.java:283)
at org.apache.maven.surefire.testng.TestNGXmlTestSuite.execute(TestNGXmlTestSuite.java:75)
at org.apache.maven.surefire.testng.TestNGProvider.invoke(TestNGProvider.java:120)
at org.apache.maven.surefire.booter.ForkedBooter.invokeProviderInSameClassLoader(ForkedBooter.java:384)
at org.apache.maven.surefire.booter.ForkedBooter.runSuitesInProcess(ForkedBooter.java:345)
at org.apache.maven.surefire.booter.ForkedBooter.execute(ForkedBooter.java:126)
at org.apache.maven.surefire.booter.ForkedBooter.main(ForkedBooter.java:418)
]]>
            </full-stacktrace>
          </exception> <!-- java.lang.AssertionError -->
          <reporter-output>
          </reporter-output>
        </test-method> <!-- validateText -->
        <test-method status="PASS" signature="closeBroser()[pri:0, instance:NewMaven.qaClickAcademy@5a63f509]" name="closeBroser" is-config="true" duration-ms="2233" started-at="2019-01-08T18:41:05Z" finished-at="2019-01-08T18:41:08Z">
          <reporter-output>
          </reporter-output>
        </test-method> <!-- closeBroser -->
      </class> <!-- NewMaven.qaClickAcademy -->
    </test> <!-- Test -->
  </suite> <!-- Suite -->
</testng-results>
