<?xml version="1.0" encoding="UTF-8"?>
<testng-results skipped="0" failed="1" ignored="0" total="5" passed="4">
  <reporter-output>
  </reporter-output>
  <suite name="Suite" duration-ms="49305" started-at="2019-01-08T18:27:46Z" finished-at="2019-01-08T18:28:35Z">
    <groups>
    </groups>
    <test name="Test" duration-ms="49305" started-at="2019-01-08T18:27:46Z" finished-at="2019-01-08T18:28:35Z">
      <class name="NewMaven.qaClickAcademy">
        <test-method status="PASS" signature="basePageNavigation()[pri:0, instance:NewMaven.qaClickAcademy@161479c6]" name="basePageNavigation" duration-ms="18833" started-at="2019-01-08T18:27:46Z" finished-at="2019-01-08T18:28:05Z">
          <reporter-output>
          </reporter-output>
        </test-method> <!-- basePageNavigation -->
        <test-method status="PASS" signature="clickLogin(java.lang.String, java.lang.String)[pri:0, instance:NewMaven.qaClickAcademy@161479c6]" name="clickLogin" duration-ms="10608" started-at="2019-01-08T18:28:05Z" data-provider="getData" finished-at="2019-01-08T18:28:16Z">
          <params>
            <param index="0">
              <value>
                <![CDATA[Hello00]]>
              </value>
            </param>
            <param index="1">
              <value>
                <![CDATA[Hello01]]>
              </value>
            </param>
          </params>
          <reporter-output>
          </reporter-output>
        </test-method> <!-- clickLogin -->
        <test-method status="PASS" signature="clickLogin(java.lang.String, java.lang.String)[pri:0, instance:NewMaven.qaClickAcademy@161479c6]" name="clickLogin" duration-ms="8634" started-at="2019-01-08T18:28:16Z" data-provider="getData" finished-at="2019-01-08T18:28:24Z">
          <params>
            <param index="0">
              <value>
                <![CDATA[Hello10]]>
              </value>
            </param>
            <param index="1">
              <value>
                <![CDATA[Hello11]]>
              </value>
            </param>
          </params>
          <reporter-output>
          </reporter-output>
        </test-method> <!-- clickLogin -->
        <test-method status="PASS" signature="clickLogin(java.lang.String, java.lang.String)[pri:0, instance:NewMaven.qaClickAcademy@161479c6]" name="clickLogin" duration-ms="7536" started-at="2019-01-08T18:28:24Z" data-provider="getData" finished-at="2019-01-08T18:28:32Z">
          <params>
            <param index="0">
              <value>
                <![CDATA[Hello20]]>
              </value>
            </param>
            <param index="1">
              <value>
                <![CDATA[Hello21]]>
              </value>
            </param>
          </params>
          <reporter-output>
          </reporter-output>
        </test-method> <!-- clickLogin -->
        <test-method status="FAIL" signature="validateText()[pri:0, instance:NewMaven.qaClickAcademy@161479c6]" name="validateText" duration-ms="240" started-at="2019-01-08T18:28:32Z" finished-at="2019-01-08T18:28:32Z">
          <exception class="java.lang.AssertionError">
            <message>
              <![CDATA[expected [AN ACADEMY TO LEARN EVERYTHING ABOUT TESING] but found [AN ACADEMY TO LEARN EVERYTHING ABOUT TESTING]]]>
            </message>
            <full-stacktrace>
              <![CDATA[java.lang.AssertionError: expected [AN ACADEMY TO LEARN EVERYTHING ABOUT TESING] but found [AN ACADEMY TO LEARN EVERYTHING ABOUT TESTING]
at org.testng.Assert.fail(Assert.java:96)
at org.testng.Assert.failNotEquals(Assert.java:776)
at org.testng.Assert.assertEqualsImpl(Assert.java:137)
at org.testng.Assert.assertEquals(Assert.java:118)
at org.testng.Assert.assertEquals(Assert.java:453)
at org.testng.Assert.assertEquals(Assert.java:463)
at NewMaven.qaClickAcademy.validateText(qaClickAcademy.java:44)
at sun.reflect.NativeMethodAccessorImpl.invoke0(Native Method)
at sun.reflect.NativeMethodAccessorImpl.invoke(NativeMethodAccessorImpl.java:62)
at sun.reflect.DelegatingMethodAccessorImpl.invoke(DelegatingMethodAccessorImpl.java:43)
at java.lang.reflect.Method.invoke(Method.java:498)
at org.testng.internal.MethodInvocationHelper.invokeMethod(MethodInvocationHelper.java:124)
at org.testng.internal.Invoker.invokeMethod(Invoker.java:580)
at org.testng.internal.Invoker.invokeTestMethod(Invoker.java:716)
at org.testng.internal.Invoker.invokeTestMethods(Invoker.java:988)
at org.testng.internal.TestMethodWorker.invokeTestMethods(TestMethodWorker.java:125)
at org.testng.internal.TestMethodWorker.run(TestMethodWorker.java:109)
at org.testng.TestRunner.privateRun(TestRunner.java:648)
at org.testng.TestRunner.run(TestRunner.java:505)
at org.testng.SuiteRunner.runTest(SuiteRunner.java:455)
at org.testng.SuiteRunner.runSequentially(SuiteRunner.java:450)
at org.testng.SuiteRunner.privateRun(SuiteRunner.java:415)
at org.testng.SuiteRunner.run(SuiteRunner.java:364)
at org.testng.SuiteRunnerWorker.runSuite(SuiteRunnerWorker.java:52)
at org.testng.SuiteRunnerWorker.run(SuiteRunnerWorker.java:84)
at org.testng.TestNG.runSuitesSequentially(TestNG.java:1208)
at org.testng.TestNG.runSuitesLocally(TestNG.java:1137)
at org.testng.TestNG.runSuites(TestNG.java:1049)
at org.testng.TestNG.run(TestNG.java:1017)
at org.testng.remote.AbstractRemoteTestNG.run(AbstractRemoteTestNG.java:114)
at org.testng.remote.RemoteTestNG.initAndRun(RemoteTestNG.java:251)
at org.testng.remote.RemoteTestNG.main(RemoteTestNG.java:77)
]]>
            </full-stacktrace>
          </exception> <!-- java.lang.AssertionError -->
          <reporter-output>
          </reporter-output>
        </test-method> <!-- validateText -->
        <test-method status="PASS" signature="closeBroser()[pri:0, instance:NewMaven.qaClickAcademy@161479c6]" name="closeBroser" is-config="true" duration-ms="2310" started-at="2019-01-08T18:28:33Z" finished-at="2019-01-08T18:28:35Z">
          <reporter-output>
          </reporter-output>
        </test-method> <!-- closeBroser -->
      </class> <!-- NewMaven.qaClickAcademy -->
    </test> <!-- Test -->
  </suite> <!-- Suite -->
</testng-results>
