<?xml version="1.0" encoding="UTF-8"?>
<!-- Generated by org.testng.reporters.JUnitXMLReporter -->
<testsuite hostname="L089344" ignored="0" name="Test" tests="5" failures="1" timestamp="08 Jan 2019 18:41:08 GMT" time="46.018" errors="0">
  <testcase name="basePageNavigation" time="18.16" classname="NewMaven.qaClickAcademy"/>
  <testcase name="clickLogin" time="9.355" classname="NewMaven.qaClickAcademy"/>
  <testcase name="clickLogin" time="7.152" classname="NewMaven.qaClickAcademy"/>
  <testcase name="clickLogin" time="7.717" classname="NewMaven.qaClickAcademy"/>
  <testcase name="validateText" time="0.241" classname="NewMaven.qaClickAcademy">
    <failure type="java.lang.AssertionError" message="expected [AN ACADEMY TO LEARN EVERYTHING ABOUT TESING] but found [AN ACADEMY TO LEARN EVERYTHING ABOUT TESTING]">
      <![CDATA[java.lang.AssertionError: expected [AN ACADEMY TO LEARN EVERYTHING ABOUT TESING] but found [AN ACADEMY TO LEARN EVERYTHING ABOUT TESTING]
at NewMaven.qaClickAcademy.validateText(qaClickAcademy.java:44)
... Removed 35 stack frames]]>
    </failure>
  </testcase> <!-- validateText -->
</testsuite> <!-- Test -->
